<?xml version="1.0" encoding="UTF-8"?>
<!-- Generated by org.testng.reporters.JUnitXMLReporter -->
<testsuite hostname="DESKTOP-2TT4P78" ignored="0" name="Default test" tests="6" failures="0" timestamp="2022-01-03T20:56:45 IST" time="37.369" errors="0">
  <testcase name="login" time="18.178" classname="Com.dws.test.Logintest"/>
  <testcase name="addtestt" time="6.474" classname="Com.dws.test.Logintest"/>
  <testcase name="confirmoder" time="0.305" classname="Com.dws.test.Logintest"/>
  <testcase name="cod" time="0.524" classname="Com.dws.test.Logintest"/>
  <testcase name="paymentinfp" time="0.612" classname="Com.dws.test.Logintest"/>
  <testcase name="confirmoder1" time="0.343" classname="Com.dws.test.Logintest"/>
</testsuite> <!-- Default test -->
